<?xml version="1.0" encoding="UTF-8"?>
<testng-results skipped="0" failed="0" ignored="0" total="1" passed="1">
  <reporter-output>
  </reporter-output>
  <suite name="com.qa.tests.LoginPageTest" duration-ms="80" started-at="2020-03-03T09:23:05 IST" finished-at="2020-03-03T09:23:05 IST">
    <groups>
    </groups>
    <test name="Command line test" duration-ms="80" started-at="2020-03-03T09:23:05 IST" finished-at="2020-03-03T09:23:05 IST">
      <class name="com.qa.tests.LoginPageTest">
        <test-method status="PASS" signature="loginPageTest()[pri:0, instance:com.qa.tests.LoginPageTest@148080bb]" name="loginPageTest" duration-ms="7" started-at="2020-03-03T09:23:05 IST" finished-at="2020-03-03T09:23:05 IST">
          <reporter-output>
          </reporter-output>
        </test-method> <!-- loginPageTest -->
      </class> <!-- com.qa.tests.LoginPageTest -->
    </test> <!-- Command line test -->
  </suite> <!-- com.qa.tests.LoginPageTest -->
</testng-results>
